
11/4/20, 2:10:32 PM - ERROR: Download of "https://monzo.com/static/fonts/maisonneueweb-bold-webfont.eot?", referred from "/Users/saileshsharma/Desktop/AWS-TOSAILESHSHARMA/website/s3website/monzo.com/index.html", failed with error code 404 (not found)
11/4/20, 2:10:32 PM - ERROR: Download of "https://monzo.com/static/fonts/maisonneueweb-bold-webfont.ttf", referred from "/Users/saileshsharma/Desktop/AWS-TOSAILESHSHARMA/website/s3website/monzo.com/index.html", failed with error code 404 (not found)
11/4/20, 2:10:32 PM - ERROR: Download of "https://monzo.com/static/fonts/maisonneueweb-bold-webfont.svg", referred from "/Users/saileshsharma/Desktop/AWS-TOSAILESHSHARMA/website/s3website/monzo.com/index.html", failed with error code 404 (not found)
11/4/20, 2:10:33 PM - ERROR: Download of "https://monzo.com/static/fonts/maisonneueweb-mono-bold.eot?", referred from "/Users/saileshsharma/Desktop/AWS-TOSAILESHSHARMA/website/s3website/monzo.com/index.html", failed with error code 404 (not found)
11/4/20, 2:10:33 PM - ERROR: Download of "https://monzo.com/static/fonts/maisonneueweb-mono-bold.ttf", referred from "/Users/saileshsharma/Desktop/AWS-TOSAILESHSHARMA/website/s3website/monzo.com/index.html", failed with error code 404 (not found)
11/4/20, 2:10:33 PM - ERROR: Download of "https://monzo.com/static/fonts/maisonneueweb-mono-bold.svg", referred from "/Users/saileshsharma/Desktop/AWS-TOSAILESHSHARMA/website/s3website/monzo.com/index.html", failed with error code 404 (not found)
11/4/20, 2:10:37 PM - ERROR: Download of "https://monzo.com/static/fonts/maisonneueweb-bold-webfont.eot?", referred from "/Users/saileshsharma/Desktop/AWS-TOSAILESHSHARMA/website/s3website/monzo.com/static/css/monzo-framework.min_1586557738962443456.css", failed with error code 404 (not found)
11/4/20, 2:10:37 PM - ERROR: Download of "https://monzo.com/static/fonts/maisonneueweb-bold-webfont.ttf", referred from "/Users/saileshsharma/Desktop/AWS-TOSAILESHSHARMA/website/s3website/monzo.com/static/css/monzo-framework.min_1586557738962443456.css", failed with error code 404 (not found)
11/4/20, 2:10:37 PM - ERROR: Download of "https://monzo.com/static/fonts/maisonneueweb-bold-webfont.svg", referred from "/Users/saileshsharma/Desktop/AWS-TOSAILESHSHARMA/website/s3website/monzo.com/static/css/monzo-framework.min_1586557738962443456.css", failed with error code 404 (not found)
11/4/20, 2:10:37 PM - ERROR: Download of "https://monzo.com/static/fonts/maisonneueweb-mono-bold.eot?", referred from "/Users/saileshsharma/Desktop/AWS-TOSAILESHSHARMA/website/s3website/monzo.com/static/css/monzo-framework.min_1586557738962443456.css", failed with error code 404 (not found)
11/4/20, 2:10:37 PM - ERROR: Download of "https://monzo.com/static/fonts/maisonneueweb-mono-bold.ttf", referred from "/Users/saileshsharma/Desktop/AWS-TOSAILESHSHARMA/website/s3website/monzo.com/static/css/monzo-framework.min_1586557738962443456.css", failed with error code 404 (not found)
11/4/20, 2:10:37 PM - ERROR: Download of "https://monzo.com/static/fonts/maisonneueweb-mono-bold.svg", referred from "/Users/saileshsharma/Desktop/AWS-TOSAILESHSHARMA/website/s3website/monzo.com/static/css/monzo-framework.min_1586557738962443456.css", failed with error code 404 (not found)
11/4/20, 2:10:42 PM - ERROR: Download of "https://monzo.com/static/images/home/monzo-three/desktop_hero@2x.png%%20%%20%%201272w", referred from "/Users/saileshsharma/Desktop/AWS-TOSAILESHSHARMA/website/s3website/monzo.com/index.html", failed with error code 404 (not found)
11/4/20, 2:10:42 PM - ERROR: Download of "https://monzo.com/static/images/home/monzo-three/mobile_hero@2x.png%%20%%20%%202x", referred from "/Users/saileshsharma/Desktop/AWS-TOSAILESHSHARMA/website/s3website/monzo.com/index.html", failed with error code 404 (not found)
11/4/20, 2:11:02 PM - ERROR: Download of "https://monzo.com/static/css/%%23a", referred from "/Users/saileshsharma/Desktop/AWS-TOSAILESHSHARMA/website/s3website/monzo.com/static/css/monzo-framework.min_1586557738962443456.css", failed with error code 404 (not found)
11/4/20, 2:11:02 PM - ERROR: Download of "https://monzo.com/static/css/%%23b", referred from "/Users/saileshsharma/Desktop/AWS-TOSAILESHSHARMA/website/s3website/monzo.com/static/css/monzo-framework.min_1586557738962443456.css", failed with error code 404 (not found)
11/4/20, 2:11:02 PM - ERROR: Download of "https://monzo.com/static/css/%%23c", referred from "/Users/saileshsharma/Desktop/AWS-TOSAILESHSHARMA/website/s3website/monzo.com/static/css/monzo-framework.min_1586557738962443456.css", failed with error code 404 (not found)
11/4/20, 2:11:02 PM - ERROR: Download of "https://monzo.com/static/css/%%23d", referred from "/Users/saileshsharma/Desktop/AWS-TOSAILESHSHARMA/website/s3website/monzo.com/static/css/monzo-framework.min_1586557738962443456.css", failed with error code 404 (not found)
11/4/20, 2:11:02 PM - ERROR: Download of "https://monzo.com/static/css/%%23e", referred from "/Users/saileshsharma/Desktop/AWS-TOSAILESHSHARMA/website/s3website/monzo.com/static/css/monzo-framework.min_1586557738962443456.css", failed with error code 404 (not found)
11/4/20, 2:11:03 PM - ERROR: Download of "https://monzo.com/static/css/%%23f", referred from "/Users/saileshsharma/Desktop/AWS-TOSAILESHSHARMA/website/s3website/monzo.com/static/css/monzo-framework.min_1586557738962443456.css", failed with error code 404 (not found)
11/4/20, 2:11:03 PM - ERROR: Download of "https://monzo.com/static/css/%%23g", referred from "/Users/saileshsharma/Desktop/AWS-TOSAILESHSHARMA/website/s3website/monzo.com/static/css/monzo-framework.min_1586557738962443456.css", failed with error code 404 (not found)
11/4/20, 2:11:03 PM - ERROR: Download of "https://monzo.com/static/css/%%23i", referred from "/Users/saileshsharma/Desktop/AWS-TOSAILESHSHARMA/website/s3website/monzo.com/static/css/monzo-framework.min_1586557738962443456.css", failed with error code 404 (not found)
11/4/20, 2:11:03 PM - ERROR: Download of "https://monzo.com/static/css/%%23j", referred from "/Users/saileshsharma/Desktop/AWS-TOSAILESHSHARMA/website/s3website/monzo.com/static/css/monzo-framework.min_1586557738962443456.css", failed with error code 404 (not found)
11/4/20, 2:11:03 PM - ERROR: Download of "https://monzo.com/static/css/%%23h", referred from "/Users/saileshsharma/Desktop/AWS-TOSAILESHSHARMA/website/s3website/monzo.com/static/css/monzo-framework.min_1586557738962443456.css", failed with error code 404 (not found)
11/4/20, 2:11:03 PM - ERROR: Download of "https://monzo.com/static/css/%%23k", referred from "/Users/saileshsharma/Desktop/AWS-TOSAILESHSHARMA/website/s3website/monzo.com/static/css/monzo-framework.min_1586557738962443456.css", failed with error code 404 (not found)
11/4/20, 2:11:03 PM - ERROR: Download of "https://monzo.com/static/css/%%23l", referred from "/Users/saileshsharma/Desktop/AWS-TOSAILESHSHARMA/website/s3website/monzo.com/static/css/monzo-framework.min_1586557738962443456.css", failed with error code 404 (not found)
11/4/20, 2:11:03 PM - ERROR: Download of "https://monzo.com/static/css/%%23m", referred from "/Users/saileshsharma/Desktop/AWS-TOSAILESHSHARMA/website/s3website/monzo.com/static/css/monzo-framework.min_1586557738962443456.css", failed with error code 404 (not found)
11/4/20, 2:11:03 PM - ERROR: Download of "https://monzo.com/static/css/%%23o", referred from "/Users/saileshsharma/Desktop/AWS-TOSAILESHSHARMA/website/s3website/monzo.com/static/css/monzo-framework.min_1586557738962443456.css", failed with error code 404 (not found)
11/4/20, 2:11:04 PM - ERROR: Download of "https://monzo.com/static/css/%%23n", referred from "/Users/saileshsharma/Desktop/AWS-TOSAILESHSHARMA/website/s3website/monzo.com/static/css/monzo-framework.min_1586557738962443456.css", failed with error code 404 (not found)
11/4/20, 2:11:04 PM - ERROR: Download of "https://monzo.com/static/css/%%23p", referred from "/Users/saileshsharma/Desktop/AWS-TOSAILESHSHARMA/website/s3website/monzo.com/static/css/monzo-framework.min_1586557738962443456.css", failed with error code 404 (not found)
11/4/20, 2:11:04 PM - ERROR: Download of "https://monzo.com/static/css/%%23r", referred from "/Users/saileshsharma/Desktop/AWS-TOSAILESHSHARMA/website/s3website/monzo.com/static/css/monzo-framework.min_1586557738962443456.css", failed with error code 404 (not found)
11/4/20, 2:11:04 PM - ERROR: Download of "https://monzo.com/static/css/%%23q", referred from "/Users/saileshsharma/Desktop/AWS-TOSAILESHSHARMA/website/s3website/monzo.com/static/css/monzo-framework.min_1586557738962443456.css", failed with error code 404 (not found)
11/4/20, 2:11:04 PM - ERROR: Download of "https://monzo.com/static/css/%%23s", referred from "/Users/saileshsharma/Desktop/AWS-TOSAILESHSHARMA/website/s3website/monzo.com/static/css/monzo-framework.min_1586557738962443456.css", failed with error code 404 (not found)
11/4/20, 2:11:04 PM - ERROR: Download of "https://monzo.com/static/css/%%23t", referred from "/Users/saileshsharma/Desktop/AWS-TOSAILESHSHARMA/website/s3website/monzo.com/static/css/monzo-framework.min_1586557738962443456.css", failed with error code 404 (not found)
11/4/20, 2:11:04 PM - ERROR: Download of "https://monzo.com/static/css/%%23u", referred from "/Users/saileshsharma/Desktop/AWS-TOSAILESHSHARMA/website/s3website/monzo.com/static/css/monzo-framework.min_1586557738962443456.css", failed with error code 404 (not found)
11/4/20, 2:11:04 PM - ERROR: Download of "https://monzo.com/static/css/%%23v", referred from "/Users/saileshsharma/Desktop/AWS-TOSAILESHSHARMA/website/s3website/monzo.com/static/css/monzo-framework.min_1586557738962443456.css", failed with error code 404 (not found)
11/4/20, 2:11:05 PM - ERROR: Download of "https://monzo.com/static/css/%%23w", referred from "/Users/saileshsharma/Desktop/AWS-TOSAILESHSHARMA/website/s3website/monzo.com/static/css/monzo-framework.min_1586557738962443456.css", failed with error code 404 (not found)
11/4/20, 2:11:05 PM - ERROR: Download of "https://monzo.com/static/css/%%23x", referred from "/Users/saileshsharma/Desktop/AWS-TOSAILESHSHARMA/website/s3website/monzo.com/static/css/monzo-framework.min_1586557738962443456.css", failed with error code 404 (not found)
11/4/20, 2:11:07 PM - ERROR: Download of "https://monzo.com/help/travelling/fees-charges-abroad", referred from "/Users/saileshsharma/Desktop/AWS-TOSAILESHSHARMA/website/s3website/monzo.com/legal/terms-and-conditions/index.html", failed with error code 404 (not found)
11/4/20, 2:11:07 PM - ERROR: Download of "https://monzo.com/help/travelling/fees-charges-abroad", referred from "/Users/saileshsharma/Desktop/AWS-TOSAILESHSHARMA/website/s3website/monzo.com/features/travel/index.html", failed with error code 404 (not found)
11/4/20, 2:11:07 PM - ERROR: Download of "https://monzo.com/help/travelling/fees-charges-abroad", referred from "/Users/saileshsharma/Desktop/AWS-TOSAILESHSHARMA/website/s3website/monzo.com/faq/index.html", failed with error code 404 (not found)
11/4/20, 2:11:07 PM - ERROR: Download of "https://monzo.com/help/travelling/fees-charges-abroad", referred from "/Users/saileshsharma/Desktop/AWS-TOSAILESHSHARMA/website/s3website/monzo.com/features/16-plus/index.html", failed with error code 404 (not found)
11/4/20, 2:11:16 PM - ERROR: Download of "https://monzo.com/static/css/isa/isa.css?1586557738962443456", referred from "/Users/saileshsharma/Desktop/AWS-TOSAILESHSHARMA/website/s3website/monzo.com/isa/index.html", failed with error code 404 (not found)
11/4/20, 2:11:35 PM - ERROR: Download of "https://monzo.com/i/security-and-trust-page", referred from "/Users/saileshsharma/Desktop/AWS-TOSAILESHSHARMA/website/s3website/monzo.com/i/security/index.html", failed with error code 404 (not found)
11/4/20, 2:12:01 PM - ERROR: Download of "https://monzo.com/faq/{{%%20site.adjust_app_store_link%%20}}", referred from "/Users/saileshsharma/Desktop/AWS-TOSAILESHSHARMA/website/s3website/monzo.com/faq/index.html", failed with error code 404 (not found)
11/4/20, 2:12:02 PM - ERROR: Download of "https://monzo.com/faq/{{%%20site.adjust_play_store_link%%20}}", referred from "/Users/saileshsharma/Desktop/AWS-TOSAILESHSHARMA/website/s3website/monzo.com/faq/index.html", failed with error code 404 (not found)
11/4/20, 2:12:09 PM - ERROR: Download of "https://monzo.com/i/business/testimonials/www.linkedin.com/in/oui-digi-44b788195/", referred from "/Users/saileshsharma/Desktop/AWS-TOSAILESHSHARMA/website/s3website/monzo.com/i/business/testimonials/index.html", failed with error code 404 (not found)
11/4/20, 2:12:48 PM - ERROR: Download of "https://monzo.com/i/car-loans", referred from "/Users/saileshsharma/Desktop/AWS-TOSAILESHSHARMA/website/s3website/monzo.com/i/loans/car-loans/index.html", failed with error code 404 (not found)
11/4/20, 2:12:49 PM - ERROR: Download of "https://monzo.com/i/home-improvement-loans", referred from "/Users/saileshsharma/Desktop/AWS-TOSAILESHSHARMA/website/s3website/monzo.com/i/loans/home-improvement-loans/index.html", failed with error code 404 (not found)
11/4/20, 2:15:11 PM - ERROR: Download of "https://monzo.com/blog/authors/chongyang-shi", referred from "/Users/saileshsharma/Desktop/AWS-TOSAILESHSHARMA/website/s3website/monzo.com/blog/controlling-outbound-traffic-from-kubernetes/index.html", failed with error code 404 (not found)
11/4/20, 2:15:12 PM - ERROR: Download of "https://monzo.com/blog/authors/natalie-gil", referred from "/Users/saileshsharma/Desktop/AWS-TOSAILESHSHARMA/website/s3website/monzo.com/blog/the-extra-cost-of-being-a-woman/index.html", failed with error code 404 (not found)
11/4/20, 2:15:12 PM - ERROR: Download of "https://monzo.com/blog/authors/natalie-gil", referred from "/Users/saileshsharma/Desktop/AWS-TOSAILESHSHARMA/website/s3website/monzo.com/blog/buy-now-pay-later-schemes/index.html", failed with error code 404 (not found)
11/4/20, 2:15:34 PM - ERROR: Download of "https://monzo.com/blog/authors/natalie-gil", referred from "/Users/saileshsharma/Desktop/AWS-TOSAILESHSHARMA/website/s3website/monzo.com/blog/tax-money-2019-general-election/index.html", failed with error code 404 (not found)
11/4/20, 2:16:08 PM - ERROR: Download of "https://monzo.com/business/features/Xero-offer", referred from "/Users/saileshsharma/Desktop/AWS-TOSAILESHSHARMA/website/s3website/monzo.com/i/business/features/integrated-accounting/index.html", failed with error code 404 (not found)
11/4/20, 2:16:08 PM - ERROR: Download of "https://monzo.com/i/business/features/web-and-mobile-access", referred from "/Users/saileshsharma/Desktop/AWS-TOSAILESHSHARMA/website/s3website/monzo.com/i/business/features/mobile-and-web-access/index.html", failed with error code 404 (not found)
11/4/20, 2:18:07 PM - ERROR: Download of "https://monzo.com/university/credit-score/", referred from "/Users/saileshsharma/Desktop/AWS-TOSAILESHSHARMA/website/s3website/monzo.com/blog/2018/04/26/more-than-one-bank-account/index.html", failed with error code 404 (not found)
11/4/20, 2:18:09 PM - ERROR: Download of "https://monzo.com/help/travelling/fees-charges-abroad", referred from "/Users/saileshsharma/Desktop/AWS-TOSAILESHSHARMA/website/s3website/monzo.com/blog/new-to-the-uk-account/index.html", failed with error code 404 (not found)
11/4/20, 2:18:37 PM - ERROR: Download of "https://monzo.com/blog/2019/04/24/52-week-savings-challenge/", referred from "/Users/saileshsharma/Desktop/AWS-TOSAILESHSHARMA/website/s3website/monzo.com/blog/2019/10/15/savings-plan/index.html", failed with error code 404 (not found)
11/4/20, 2:19:00 PM - ERROR: Download of "https://monzo.com/blog/2019/04/24/52-week-savings-challenge/", referred from "/Users/saileshsharma/Desktop/AWS-TOSAILESHSHARMA/website/s3website/monzo.com/blog/2019/05/17/how-to-save-money/index.html", failed with error code 404 (not found)
